<?xml version="1.0" encoding="UTF-8"?>
<!-- Generated by org.testng.reporters.JUnitReportReporter -->
<testsuite hostname="DESKTOP-15GLH6P" failures="0" tests="2" name="TestNgSessions.OrangeHRMTest" time="0.031" errors="0" timestamp="2024-03-27T21:30:36 IST" skipped="0">
  <testcase classname="TestNgSessions.OrangeHRMTest" name="titleTest" time="0.006"/>
  <testcase classname="TestNgSessions.OrangeHRMTest" name="urlTest" time="0.025"/>
</testsuite> <!-- TestNgSessions.OrangeHRMTest -->
