<?xml version="1.0" encoding="UTF-8"?>
<!-- Generated by org.testng.reporters.JUnitReportReporter -->
<testsuite hostname="DESKTOP-15GLH6P" failures="0" tests="3" name="TestNgSessions.GoogleTest" time="0.048" errors="0" timestamp="2024-03-27T21:30:36 IST" skipped="1">
  <testcase classname="TestNgSessions.GoogleTest" name="imageTest" time="0.039"/>
  <testcase classname="TestNgSessions.GoogleTest" name="urlTest" time="0.009"/>
  <testcase classname="TestNgSessions.GoogleTest" name="titleTest">
    <skipped/>
  </testcase> <!-- titleTest -->
</testsuite> <!-- TestNgSessions.GoogleTest -->
