<?xml version="1.0" encoding="UTF-8"?>
<!-- Generated by org.testng.reporters.JUnitReportReporter -->
<testsuite hostname="DESKTOP-15GLH6P" failures="0" tests="3" name="TestNgSessions.OpenCartTest" time="0.017" errors="0" timestamp="2024-03-26T17:08:48 IST" skipped="0">
  <testcase classname="TestNgSessions.OpenCartTest" name="headerTest" time="0.008"/>
  <testcase classname="TestNgSessions.OpenCartTest" name="urlTest" time="0.005"/>
  <testcase classname="TestNgSessions.OpenCartTest" name="titleTest" time="0.004"/>
</testsuite> <!-- TestNgSessions.OpenCartTest -->
