<?xml version="1.0" encoding="UTF-8"?>
<!-- Generated by org.testng.reporters.JUnitReportReporter -->
<testsuite hostname="DESKTOP-15GLH6P" failures="0" tests="3" name="TestNgSessions.OpenCartLoginTest" time="0.096" errors="0" timestamp="2024-03-27T21:30:36 IST" skipped="0">
  <testcase classname="TestNgSessions.OpenCartLoginTest" name="titleTest" time="0.038"/>
  <testcase classname="TestNgSessions.OpenCartLoginTest" name="imageTest" time="0.049"/>
  <testcase classname="TestNgSessions.OpenCartLoginTest" name="urlTest" time="0.009"/>
</testsuite> <!-- TestNgSessions.OpenCartLoginTest -->
